[    0.000000] Linux version 4.15.0-213-generic (buildd@lcy02-amd64-079) (gcc version 7.5.0 (Ubuntu 7.5.0-3ubuntu1~18.04)) #224-Ubuntu SMP Mon Jun 19 13:30:12 UTC 2023 (Ubuntu 4.15.0-213.224-generic 4.15.18)
[    0.000000] Command line: BOOT_IMAGE=/boot/vmlinuz-4.15.0-213-generic root=UUID=d733b143-dffd-45ac-b6a6-51fd97f3afd8 ro console=tty1 console=ttyS0
[    0.000000] KERNEL supported cpus:
[    0.000000]   Intel GenuineIntel
[    0.000000]   AMD AuthenticAMD
[    0.000000]   Centaur CentaurHauls
[    0.000000] x86/fpu: x87 FPU will use FXSAVE
[    0.000000] e820: BIOS-provided physical RAM map:
[    0.000000] BIOS-e820: [mem 0x0000000000000000-0x000000000009fbff] usable
[    0.000000] BIOS-e820: [mem 0x000000000009fc00-0x000000000009ffff] reserved
[    0.000000] BIOS-e820: [mem 0x00000000000f0000-0x00000000000fffff] reserved
[    0.000000] BIOS-e820: [mem 0x0000000000100000-0x000000007ffeffff] usable
[    0.000000] BIOS-e820: [mem 0x000000007fff0000-0x000000007fffffff] ACPI data
[    0.000000] BIOS-e820: [mem 0x00000000fec00000-0x00000000fec00fff] reserved
[    0.000000] BIOS-e820: [mem 0x00000000fee00000-0x00000000fee00fff] reserved
[    0.000000] BIOS-e820: [mem 0x00000000fffc0000-0x00000000ffffffff] reserved
[    0.000000] NX (Execute Disable) protection: active
[    0.000000] SMBIOS 2.5 present.
[    0.000000] DMI: innotek GmbH VirtualBox/VirtualBox, BIOS VirtualBox 12/01/2006
[    0.000000] Hypervisor detected: KVM
[    0.000000] e820: last_pfn = 0x7fff0 max_arch_pfn = 0x400000000
[    0.000000] MTRR: Disabled
[    0.000000] x86/PAT: MTRRs disabled, skipping PAT initialization too.
[    0.000000] CPU MTRRs all blank - virtualized system.
[    0.000000] x86/PAT: Configuration [0-7]: WB  WT  UC- UC  WB  WT  UC- UC  
[    0.000000] found SMP MP-table at [mem 0x0009fff0-0x0009ffff]
[    0.000000] Scanning 1 areas for low memory corruption
[    0.000000] RAMDISK: [mem 0x30797000-0x343c2fff]
[    0.000000] ACPI: Early table checksum verification disabled
[    0.000000] ACPI: RSDP 0x00000000000E0000 000024 (v02 VBOX  )
[    0.000000] ACPI: XSDT 0x000000007FFF0030 00003C (v01 VBOX   VBOXXSDT 00000001 ASL  00000061)
[    0.000000] ACPI: FACP 0x000000007FFF00F0 0000F4 (v04 VBOX   VBOXFACP 00000001 ASL  00000061)
[    0.000000] ACPI: DSDT 0x000000007FFF0610 002353 (v02 VBOX   VBOXBIOS 00000002 INTL 20100528)
[    0.000000] ACPI: FACS 0x000000007FFF0200 000040
[    0.000000] ACPI: FACS 0x000000007FFF0200 000040
[    0.000000] ACPI: APIC 0x000000007FFF0240 00005C (v02 VBOX   VBOXAPIC 00000001 ASL  00000061)
[    0.000000] ACPI: SSDT 0x000000007FFF02A0 00036C (v01 VBOX   VBOXCPUT 00000002 INTL 20100528)
[    0.000000] ACPI: Reserving FACP table memory at [mem 0x7fff00f0-0x7fff01e3]
[    0.000000] ACPI: Reserving DSDT table memory at [mem 0x7fff0610-0x7fff2962]
[    0.000000] ACPI: Reserving FACS table memory at [mem 0x7fff0200-0x7fff023f]
[    0.000000] ACPI: Reserving FACS table memory at [mem 0x7fff0200-0x7fff023f]
[    0.000000] ACPI: Reserving APIC table memory at [mem 0x7fff0240-0x7fff029b]
[    0.000000] ACPI: Reserving SSDT table memory at [mem 0x7fff02a0-0x7fff060b]
[    0.000000] No NUMA configuration found
[    0.000000] Faking a node at [mem 0x0000000000000000-0x000000007ffeffff]
[    0.000000] NODE_DATA(0) allocated [mem 0x7ffc5000-0x7ffeffff]
[    0.000000] kvm-clock: cpu 0, msr 0:7ff44001, primary cpu clock
[    0.000000] kvm-clock: Using msrs 4b564d01 and 4b564d00
[    0.000000] kvm-clock: using sched offset of 4070696356 cycles
[    0.000000] clocksource: kvm-clock: mask: 0xffffffffffffffff max_cycles: 0x1cd42e4dffb, max_idle_ns: 881590591483 ns
[    0.000000] Zone ranges:
[    0.000000]   DMA      [mem 0x0000000000001000-0x0000000000ffffff]
[    0.000000]   DMA32    [mem 0x0000000001000000-0x000000007ffeffff]
[    0.000000]   Normal   empty
[    0.000000]   Device   empty
[    0.000000] Movable zone start for each node
[    0.000000] Early memory node ranges
[    0.000000]   node   0: [mem 0x0000000000001000-0x000000000009efff]
[    0.000000]   node   0: [mem 0x0000000000100000-0x000000007ffeffff]
[    0.000000] Reserved but unavailable: 104 pages
[    0.000000] Initmem setup node 0 [mem 0x0000000000001000-0x000000007ffeffff]
[    0.000000] ACPI: PM-Timer IO Port: 0x4008
[    0.000000] IOAPIC[0]: apic_id 2, version 32, address 0xfec00000, GSI 0-23
[    0.000000] ACPI: INT_SRC_OVR (bus 0 bus_irq 0 global_irq 2 dfl dfl)
[    0.000000] ACPI: INT_SRC_OVR (bus 0 bus_irq 9 global_irq 9 low level)
[    0.000000] Using ACPI (MADT) for SMP configuration information
[    0.000000] smpboot: Allowing 2 CPUs, 0 hotplug CPUs
[    0.000000] PM: Registered nosave memory: [mem 0x00000000-0x00000fff]
[    0.000000] PM: Registered nosave memory: [mem 0x0009f000-0x0009ffff]
[    0.000000] PM: Registered nosave memory: [mem 0x000a0000-0x000effff]
[    0.000000] PM: Registered nosave memory: [mem 0x000f0000-0x000fffff]
[    0.000000] e820: [mem 0x80000000-0xfebfffff] available for PCI devices
[    0.000000] Booting paravirtualized kernel on KVM
[    0.000000] clocksource: refined-jiffies: mask: 0xffffffff max_cycles: 0xffffffff, max_idle_ns: 7645519600211568 ns
[    0.000000] setup_percpu: NR_CPUS:8192 nr_cpumask_bits:2 nr_cpu_ids:2 nr_node_ids:1
[    0.000000] percpu: Embedded 50 pages/cpu s167936 r8192 d28672 u1048576
[    0.000000] PV qspinlock hash table entries: 256 (order: 0, 4096 bytes)
[    0.000000] Built 1 zonelists, mobility grouping on.  Total pages: 515961
[    0.000000] Policy zone: DMA32
[    0.000000] Kernel command line: BOOT_IMAGE=/boot/vmlinuz-4.15.0-213-generic root=UUID=d733b143-dffd-45ac-b6a6-51fd97f3afd8 ro console=tty1 console=ttyS0
[    0.000000] Memory: 1972748K/2096696K available (12300K kernel code, 2477K rwdata, 4324K rodata, 2480K init, 2720K bss, 123948K reserved, 0K cma-reserved)
[    0.000000] SLUB: HWalign=64, Order=0-3, MinObjects=0, CPUs=2, Nodes=1
[    0.000000] ftrace: allocating 39508 entries in 155 pages
[    0.004000] Hierarchical RCU implementation.
[    0.004000] 	RCU restricting CPUs from NR_CPUS=8192 to nr_cpu_ids=2.
[    0.004000] 	Tasks RCU enabled.
[    0.004000] RCU: Adjusting geometry for rcu_fanout_leaf=16, nr_cpu_ids=2
[    0.004000] NR_IRQS: 524544, nr_irqs: 440, preallocated irqs: 16
[    0.004000] random: crng init done
[    0.004000] Console: colour VGA+ 80x25
[    0.004000] console [tty1] enabled
[    0.004000] console [ttyS0] enabled
[    0.004000] ACPI: Core revision 20170831
[    0.004000] ACPI: 2 ACPI AML tables successfully acquired and loaded
[    0.004000] APIC: Switch to symmetric I/O mode setup
[    0.004000] ..TIMER: vector=0x30 apic1=0 pin1=2 apic2=-1 pin2=-1
[    0.004006] tsc: Detected 1804.799 MHz processor
[    0.008011] Calibrating delay loop (skipped) preset value.. 3609.59 BogoMIPS (lpj=7219196)
[    0.012003] pid_max: default: 32768 minimum: 301
[    0.016095] Security Framework initialized
[    0.020003] Yama: becoming mindful.
[    0.022480] AppArmor: AppArmor initialized
[    0.031236] Dentry cache hash table entries: 262144 (order: 9, 2097152 bytes)
[    0.038646] Inode-cache hash table entries: 131072 (order: 8, 1048576 bytes)
[    0.040202] Mount-cache hash table entries: 4096 (order: 3, 32768 bytes)
[    0.044120] Mountpoint-cache hash table entries: 4096 (order: 3, 32768 bytes)
[    0.049234] Last level iTLB entries: 4KB 0, 2MB 0, 4MB 0
[    0.052003] Last level dTLB entries: 4KB 0, 2MB 0, 4MB 0, 1GB 0
[    0.056006] Spectre V1 : Mitigation: usercopy/swapgs barriers and __user pointer sanitization
[    0.060005] Spectre V2 : Mitigation: Enhanced IBRS
[    0.062902] Spectre V2 : Spectre v2 / SpectreRSB mitigation: Filling RSB on context switch
[    0.064003] Spectre V2 : Spectre v2 / PBRSB-eIBRS: Retire a single CALL on VMEXIT
[    0.068004] RETBleed: Mitigation: Enhanced IBRS
[    0.072004] Speculative Store Bypass: Vulnerable
[    0.075305] Freeing SMP alternatives memory: 36K
[    0.189632] APIC calibration not consistent with PM-Timer: 101ms instead of 100ms
[    0.192000] APIC delta adjusted to PM-Timer: 6271060 (6340559)
[    0.192250] smpboot: CPU0: 11th Gen Intel(R) Core(TM) i7-1185G7 @ 3.00GHz (family: 0x6, model: 0x8c, stepping: 0x1)
[    0.196334] Performance Events: unsupported p6 CPU model 140 no PMU driver, software events only.
[    0.200092] Hierarchical SRCU implementation.
[    0.204699] NMI watchdog: Perf event create on CPU 0 failed with -2
[    0.208006] NMI watchdog: Perf NMI watchdog permanently disabled
[    0.212285] smp: Bringing up secondary CPUs ...
[    0.216633] x86: Booting SMP configuration:
[    0.220002] .... node  #0, CPUs:      #1
[    0.004000] kvm-clock: cpu 1, msr 0:7ff44041, secondary cpu clock
[    0.228000] TSC synchronization [CPU#0 -> CPU#1]:
[    0.228000] Measured 45303 cycles TSC warp between CPUs, turning off TSC clock.
[    0.228000] tsc: Marking TSC unstable due to check_tsc_sync_source failed
[    0.232066] smp: Brought up 1 node, 2 CPUs
[    0.235199] smpboot: Max logical packages: 1
[    0.236008] smpboot: Total of 2 processors activated (7219.19 BogoMIPS)
[    0.240429] devtmpfs: initialized
[    0.244084] x86/mm: Memory block size: 128MB
[    0.247420] evm: security.selinux
[    0.248008] evm: security.SMACK64
[    0.250028] evm: security.SMACK64EXEC
[    0.252002] evm: security.SMACK64TRANSMUTE
[    0.254444] evm: security.SMACK64MMAP
[    0.256002] evm: security.apparmor
[    0.258218] evm: security.ima
[    0.260002] evm: security.capability
[    0.264462] clocksource: jiffies: mask: 0xffffffff max_cycles: 0xffffffff, max_idle_ns: 7645041785100000 ns
[    0.268010] futex hash table entries: 512 (order: 3, 32768 bytes)
[    0.272160] pinctrl core: initialized pinctrl subsystem
[    0.276433] RTC time:  6:47:29, date: 08/03/23
[    0.280997] NET: Registered protocol family 16
[    0.284156] audit: initializing netlink subsys (disabled)
[    0.287401] audit: type=2000 audit(1691045254.656:1): state=initialized audit_enabled=0 res=1
[    0.292005] cpuidle: using governor ladder
[    0.296006] cpuidle: using governor menu
[    0.300055] ACPI: bus type PCI registered
[    0.302680] acpiphp: ACPI Hot Plug PCI Controller Driver version: 0.5
[    0.304407] PCI: Using configuration type 1 for base access
[    0.312197] HugeTLB registered 2.00 MiB page size, pre-allocated 0 pages
[    0.316358] ACPI: Added _OSI(Module Device)
[    0.320011] ACPI: Added _OSI(Processor Device)
[    0.324005] ACPI: Added _OSI(3.0 _SCP Extensions)
[    0.326697] ACPI: Added _OSI(Processor Aggregator Device)
[    0.328006] ACPI: Added _OSI(Linux-Dell-Video)
[    0.330577] ACPI: Added _OSI(Linux-Lenovo-NV-HDMI-Audio)
[    0.332003] ACPI: Added _OSI(Linux-HPI-Hybrid-Graphics)
[    0.336961] ACPI: Executed 1 blocks of module-level executable AML code
[    0.343018] ACPI: Interpreter enabled
[    0.344011] ACPI: (supports S0 S5)
[    0.346065] ACPI: Using IOAPIC for interrupt routing
[    0.348282] PCI: Using host bridge windows from ACPI; if necessary, use "pci=nocrs" and report a bug
[    0.352211] ACPI: Enabled 2 GPEs in block 00 to 07
[    0.362667] ACPI: PCI Root Bridge [PCI0] (domain 0000 [bus 00-ff])
[    0.364008] acpi PNP0A03:00: _OSC: OS supports [ASPM ClockPM Segments MSI]
[    0.368557] acpi PNP0A03:00: _OSC: not requesting OS control; OS requires [ExtendedConfig ASPM ClockPM MSI]
[    0.372020] acpi PNP0A03:00: fail to add MMCONFIG information, can't access extended PCI configuration space under this bridge.
[    0.376507] PCI host bridge to bus 0000:00
[    0.378954] pci_bus 0000:00: root bus resource [io  0x0000-0x0cf7 window]
[    0.380009] pci_bus 0000:00: root bus resource [io  0x0d00-0xffff window]
[    0.384008] pci_bus 0000:00: root bus resource [mem 0x000a0000-0x000bffff window]
[    0.388002] pci_bus 0000:00: root bus resource [mem 0x80000000-0xfdffffff window]
[    0.392006] pci_bus 0000:00: root bus resource [bus 00-ff]
[    0.404414] pci 0000:00:01.1: legacy IDE quirk: reg 0x10: [io  0x01f0-0x01f7]
[    0.408007] pci 0000:00:01.1: legacy IDE quirk: reg 0x14: [io  0x03f6]
[    0.412005] pci 0000:00:01.1: legacy IDE quirk: reg 0x18: [io  0x0170-0x0177]
[    0.416002] pci 0000:00:01.1: legacy IDE quirk: reg 0x1c: [io  0x0376]
[    0.433861] pci 0000:00:07.0: quirk: [io  0x4000-0x403f] claimed by PIIX4 ACPI
[    0.436025] pci 0000:00:07.0: quirk: [io  0x4100-0x410f] claimed by PIIX4 SMB
[    0.450517] ACPI: PCI Interrupt Link [LNKA] (IRQs 5 9 10 *11)
[    0.452364] ACPI: PCI Interrupt Link [LNKB] (IRQs 5 9 *10 11)
[    0.456138] ACPI: PCI Interrupt Link [LNKC] (IRQs 5 *9 10 11)
[    0.460162] ACPI: PCI Interrupt Link [LNKD] (IRQs 5 9 10 *11)
[    0.464577] SCSI subsystem initialized
[    0.468111] pci 0000:00:02.0: vgaarb: setting as boot VGA device
[    0.471508] pci 0000:00:02.0: vgaarb: VGA device added: decodes=io+mem,owns=io+mem,locks=none
[    0.472007] pci 0000:00:02.0: vgaarb: bridge control possible
[    0.476003] vgaarb: loaded
[    0.480091] ACPI: bus type USB registered
[    0.482745] usbcore: registered new interface driver usbfs
[    0.484050] usbcore: registered new interface driver hub
[    0.488025] usbcore: registered new device driver usb
[    0.492213] EDAC MC: Ver: 3.0.0
[    0.496683] PCI: Using ACPI for IRQ routing
[    0.500625] NetLabel: Initializing
[    0.504003] NetLabel:  domain hash size = 128
[    0.506885] NetLabel:  protocols = UNLABELED CIPSOv4 CALIPSO
[    0.508124] NetLabel:  unlabeled traffic allowed by default
[    0.516008] clocksource: Switched to clocksource kvm-clock
[    0.524921] VFS: Disk quotas dquot_6.6.0
[    0.524921] VFS: Dquot-cache hash table entries: 512 (order 0, 4096 bytes)
[    0.524921] AppArmor: AppArmor Filesystem Enabled
[    0.524921] pnp: PnP ACPI init
[    0.524921] pnp: PnP ACPI: found 3 devices
[    0.591148] clocksource: acpi_pm: mask: 0xffffff max_cycles: 0xffffff, max_idle_ns: 2085701024 ns
[    0.592670] NET: Registered protocol family 2
[    0.592670] IP idents hash table entries: 32768 (order: 6, 262144 bytes)
[    0.603541] TCP established hash table entries: 16384 (order: 5, 131072 bytes)
[    0.608929] TCP bind hash table entries: 16384 (order: 6, 262144 bytes)
[    0.613822] TCP: Hash tables configured (established 16384 bind 16384)
[    0.617137] UDP hash table entries: 1024 (order: 3, 32768 bytes)
[    0.617137] UDP-Lite hash table entries: 1024 (order: 3, 32768 bytes)
[    0.617137] NET: Registered protocol family 1
[    0.617137] pci 0000:00:00.0: Limiting direct PCI/PCI transfers
[    0.617137] pci 0000:00:01.0: Activating ISA DMA hang workarounds
[    0.617137] pci 0000:00:02.0: Video device with shadowed ROM at [mem 0x000c0000-0x000dffff]
[    0.617137] Unpacking initramfs...
[    1.492000] Freeing initrd memory: 61616K
[    1.497187] clocksource: tsc: mask: 0xffffffffffffffff max_cycles: 0x1a03dee96fa, max_idle_ns: 440795213645 ns
[    1.502612] platform rtc_cmos: registered platform RTC device (no PNP device found)
[    1.506610] Scanning for low memory corruption every 60 seconds
[    1.511250] Initialise system trusted keyrings
[    1.515081] Key type blacklist registered
[    1.518464] workingset: timestamp_bits=36 max_order=19 bucket_order=0
[    1.524210] zbud: loaded
[    1.526782] squashfs: version 4.0 (2009/01/31) Phillip Lougher
[    1.531265] fuse init (API version 7.26)
[    1.549078] Key type asymmetric registered
[    1.551468] Asymmetric key parser 'x509' registered
[    1.555254] Block layer SCSI generic (bsg) driver version 0.4 loaded (major 246)
[    1.560640] io scheduler noop registered
[    1.563067] io scheduler deadline registered
[    1.565733] io scheduler cfq registered (default)
[    1.569177] ACPI: AC Adapter [AC] (on-line)
[    1.571673] input: Power Button as /devices/LNXSYSTM:00/LNXPWRBN:00/input/input0
[    1.576704] ACPI: Power Button [PWRF]
[    1.579403] input: Sleep Button as /devices/LNXSYSTM:00/LNXSLPBN:00/input/input1
[    1.584158] ACPI: Sleep Button [SLPF]
[    1.588238] ACPI: Battery Slot [BAT0] (battery present)
[    1.588583] Serial: 8250/16550 driver, 32 ports, IRQ sharing enabled
[    1.622895] 00:02: ttyS0 at I/O 0x3f8 (irq = 4, base_baud = 115200) is a 16550A
[    1.630370] Linux agpgart interface v0.103
[    1.638548] loop: module loaded
[    1.644332] scsi host0: ata_piix
[    1.648344] scsi host1: ata_piix
[    1.650609] ata1: PATA max UDMA/33 cmd 0x1f0 ctl 0x3f6 bmdma 0xd000 irq 14
[    1.654750] ata2: PATA max UDMA/33 cmd 0x170 ctl 0x376 bmdma 0xd008 irq 15
[    1.659165] tun: Universal TUN/TAP device driver, 1.6
[    1.664734] PPP generic driver version 2.4.2
[    1.667803] ehci_hcd: USB 2.0 'Enhanced' Host Controller (EHCI) Driver
[    1.671930] ehci-pci: EHCI PCI platform driver
[    1.674929] ehci-platform: EHCI generic platform driver
[    1.678798] ohci_hcd: USB 1.1 'Open' Host Controller (OHCI) Driver
[    1.683938] ohci-pci: OHCI PCI platform driver
[    1.687097] ohci-platform: OHCI generic platform driver
[    1.690550] uhci_hcd: USB Universal Host Controller Interface driver
[    1.694750] i8042: PNP: PS/2 Controller [PNP0303:PS2K,PNP0f03:PS2M] at 0x60,0x64 irq 1,12
[    1.702761] serio: i8042 KBD port at 0x60,0x64 irq 1
[    1.706684] serio: i8042 AUX port at 0x60,0x64 irq 12
[    1.710469] mousedev: PS/2 mouse device common for all mice
[    1.715067] input: AT Translated Set 2 keyboard as /devices/platform/i8042/serio0/input/input2
[    1.722165] rtc_cmos rtc_cmos: rtc core: registered rtc_cmos as rtc0
[    1.727264] rtc_cmos rtc_cmos: alarms up to one day, 114 bytes nvram
[    1.731691] i2c /dev entries driver
[    1.734579] device-mapper: uevent: version 1.0.3
[    1.737717] device-mapper: ioctl: 4.37.0-ioctl (2017-09-20) initialised: dm-devel@redhat.com
[    1.744399] ledtrig-cpu: registered to indicate activity on CPUs
[    1.751026] NET: Registered protocol family 10
[    1.760662] Segment Routing with IPv6
[    1.763292] NET: Registered protocol family 17
[    1.767223] Key type dns_resolver registered
[    1.770614] mce: Using 0 MCE banks
[    1.773109] RAS: Correctable Errors collector initialized.
[    1.778236] sched_clock: Marking stable (1778174591, 0)->(2266715183, -488540592)
[    1.786882] registered taskstats version 1
[    1.789973] Loading compiled-in X.509 certificates
[    1.797886] Loaded X.509 cert 'Build time autogenerated kernel key: cdc7189136aaa35407544516090e2034d9c28e14'
[    1.804865] Loaded X.509 cert 'Canonical Ltd. Live Patch Signing: 14df34d1a87cf37625abec039ef2bf521249b969'
[    1.812142] Loaded X.509 cert 'Canonical Ltd. Kernel Module Signing: 88f752e560a1e0737e31163a466ad7b70a850c19'
[    1.818236] blacklist: Loading compiled-in revocation X.509 certificates
[    1.823024] Loaded X.509 cert 'Canonical Ltd. Secure Boot Signing: 61482aa2830d0ab2ad5af10b7250da9033ddcef0'
[    1.829786] Loaded X.509 cert 'Canonical Ltd. Secure Boot Signing (2017): 242ade75ac4a15e50d50c84b0d45ff3eae707a03'
[    1.836121] Loaded X.509 cert 'Canonical Ltd. Secure Boot Signing (ESM 2018): 365188c1d374d6b07c3c8f240f8ef722433d6a8b'
[    1.843111] Loaded X.509 cert 'Canonical Ltd. Secure Boot Signing (2019): c0746fd6c5da3ae827864651ad66ae47fe24b3e8'
[    1.850164] Loaded X.509 cert 'Canonical Ltd. Secure Boot Signing (2021 v1): a8d54bbb3825cfb94fa13c9f8a594a195c107b8d'
[    1.856699] Loaded X.509 cert 'Canonical Ltd. Secure Boot Signing (2021 v2): 4cf046892d6fd3c9a5b03f98d845f90851dc6a8c'
[    1.863807] Loaded X.509 cert 'Canonical Ltd. Secure Boot Signing (2021 v3): 100437bb6de6e469b581e61cd66bce3ef4ed53af'
[    1.871137] Loaded X.509 cert 'Canonical Ltd. Secure Boot Signing (Ubuntu Core 2019): c1d57b8f6b743f23ee41f4f7ee292f06eecadfb9'
[    1.878317] zswap: loaded using pool lzo/zbud
[    1.890939] Key type big_key registered
[    1.893897] Key type trusted registered
[    1.899479] Key type encrypted registered
[    1.902011] AppArmor: AppArmor sha1 policy hashing enabled
[    1.905651] ima: No TPM chip found, activating TPM-bypass! (rc=-19)
[    1.910917] ima: Allocated hash algorithm: sha1
[    1.914296] evm: HMAC attrs: 0x1
[    1.917172]   Magic number: 3:108:771
[    1.920220] rtc_cmos rtc_cmos: setting system clock to 2023-08-03 06:47:31 UTC (1691045251)
[    1.926166] BIOS EDD facility v0.16 2004-Jun-25, 0 devices found
[    1.930960] EDD information not available.
[    1.936231] Freeing unused kernel image memory: 2480K
[    1.952522] Write protecting the kernel read-only data: 20480k
[    1.957645] Freeing unused kernel image memory: 2008K
[    1.961305] Freeing unused kernel image memory: 1820K
[    1.967532] x86/mm: Checked W+X mappings: passed, no W+X pages found.
Loading, please wait...
starting version 237
[    2.022590] piix4_smbus 0000:00:07.0: SMBus Host Controller at 0x4100, revision 0
[    2.029390] e1000: Intel(R) PRO/1000 Network Driver - version 7.3.21-k8-NAPI
[    2.033742] e1000: Copyright (c) 1999-2006 Intel Corporation.
[    2.042842] Fusion MPT base driver 3.04.20
[    2.046362] Copyright (c) 1999-2008 LSI Corporation
[    2.059220] ACPI: Video Device [GFX0] (multi-head: yes  rom: no  post: no)
[    2.069780] input: Video Bus as /devices/LNXSYSTM:00/LNXSYBUS:00/PNP0A03:00/LNXVIDEO:00/input/input5
[    2.077911] SSE version of gcm_enc/dec engaged.
[    2.089084] Fusion MPT SPI Host driver 3.04.20
[    2.267165] input: ImExPS/2 Generic Explorer Mouse as /devices/platform/i8042/serio1/input/input4
[    2.614868] e1000 0000:00:03.0 eth0: (PCI:33MHz:32-bit) 02:be:82:6b:cc:1d
[    2.619363] e1000 0000:00:03.0 eth0: Intel(R) PRO/1000 Network Connection
[    2.624730] mptbase: ioc0: Initiating bringup
[    2.742035] ioc0: LSI53C1030 A0: Capabilities={Initiator}
[    3.003889] scsi host2: ioc0: LSI53C1030 A0, FwRev=00000000h, Ports=1, MaxQ=256, IRQ=20
[    3.180490] scsi 2:0:0:0: Direct-Access     VBOX     HARDDISK         1.0  PQ: 0 ANSI: 5
[    3.216332] scsi target2:0:0: Beginning Domain Validation
[    3.292913] scsi target2:0:0: Domain Validation skipping write tests
[    3.297402] scsi target2:0:0: Ending Domain Validation
[    3.301791] scsi target2:0:0: asynchronous
[    3.305860] scsi 2:0:1:0: Direct-Access     VBOX     HARDDISK         1.0  PQ: 0 ANSI: 5
[    3.652840] scsi target2:0:1: Beginning Domain Validation
[    3.662647] scsi target2:0:1: Domain Validation skipping write tests
[    3.666257] scsi target2:0:1: Ending Domain Validation
[    3.669928] scsi target2:0:1: asynchronous
[    3.681269] sd 2:0:0:0: [sda] 83886080 512-byte logical blocks: (42.9 GB/40.0 GiB)
[    3.685991] sd 2:0:0:0: [sda] Write Protect is off
[    3.689389] sd 2:0:0:0: Attached scsi generic sg0 type 0
[    3.694184] sd 2:0:1:0: [sdb] 20480 512-byte logical blocks: (10.5 MB/10.0 MiB)
[    3.698769] sd 2:0:0:0: [sda] Incomplete mode parameter data
[    3.702522] sd 2:0:0:0: [sda] Assuming drive cache: write through
[    3.706977] sd 2:0:1:0: [sdb] Write Protect is off
[    3.709995] sd 2:0:1:0: Attached scsi generic sg1 type 0
[    3.713911] sd 2:0:1:0: [sdb] Incomplete mode parameter data
[    3.717585] sd 2:0:1:0: [sdb] Assuming drive cache: write through
[    3.719554] e1000 0000:00:08.0 eth1: (PCI:33MHz:32-bit) 08:00:27:ab:06:3e
[    3.723483]  sda: sda1
[    3.725578] e1000 0000:00:08.0 eth1: Intel(R) PRO/1000 Network Connection
[    3.729970] sd 2:0:0:0: [sda] Attached SCSI disk
[    3.738160] sd 2:0:1:0: [sdb] Attached SCSI disk
[    3.742673] e1000 0000:00:03.0 enp0s3: renamed from eth0
[    3.761537] e1000 0000:00:08.0 enp0s8: renamed from eth1
Begin: Loading essential drivers ... [    5.516401] raid6: sse2x1   gen() 18544 MB/s
[    5.564045] raid6: sse2x1   xor() 11516 MB/s
[    5.616690] raid6: sse2x2   gen() 24565 MB/s
[    5.664042] raid6: sse2x2   xor() 16097 MB/s
[    5.712687] raid6: sse2x4   gen() 25949 MB/s
[    5.760069] raid6: sse2x4   xor() 14136 MB/s
[    5.763206] raid6: using algorithm sse2x4 gen() 25949 MB/s
[    5.766276] raid6: .... xor() 14136 MB/s, rmw enabled
[    5.768980] raid6: using ssse3x2 recovery algorithm
[    5.773391] xor: measuring software checksum speed
[   10.334655]    prefetch64-sse: -1905127.-592 MB/sec
[   11.352838]    generic_sse: 1353549.704 MB/sec
[   11.356360] xor: using function: generic_sse (1353549.704 MB/sec)
[   11.361834] async_tx: api initialized (async)
done.
Begin: Running /scripts/init-premount ... done.
Begin: Mounting root file system ... Begin: Running /scripts/local-top ... done.
Begin: Running /scripts/local-premount ... [   11.405685] Btrfs loaded, crc32c=crc32c-intel
Scanning for Btrfs filesystems
done.
Begin: Will now check root file system ... fsck from util-linux 2.31.1
[/sbin/fsck.ext4 (1) -- /dev/sda1] fsck.ext4 -a -C0 /dev/sda1 
cloudimg-rootfs: recovering journal
cloudimg-rootfs: clean, 81709/5120000 files, 899506/10485499 blocks
done.
[   11.592565] EXT4-fs (sda1): mounted filesystem with ordered data mode. Opts: (null)
done.
Begin: Running /scripts/local-bottom ... done.
Begin: Running /scripts/init-bottom ... done.
[   11.842313] ip_tables: (C) 2000-2006 Netfilter Core Team
[   11.857675] systemd[1]: systemd 237 running in system mode. (+PAM +AUDIT +SELINUX +IMA +APPARMOR +SMACK +SYSVINIT +UTMP +LIBCRYPTSETUP +GCRYPT +GNUTLS +ACL +XZ +LZ4 +SECCOMP +BLKID +ELFUTILS +KMOD -IDN2 +IDN -PCRE2 default-hierarchy=hybrid)
[   11.870441] systemd[1]: Detected virtualization oracle.
[   11.874173] systemd[1]: Detected architecture x86-64.

Welcome to [1mUbuntu 18.04.6 LTS[0m!

[   11.905852] systemd[1]: Set hostname to <ubuntu-xenial>.
[   12.213965] systemd[1]: Created slice User and Session Slice.
[[0;32m  OK  [0m] Created slice User and Session Slice.
[   12.221264] systemd[1]: Set up automount Arbitrary Executable File Formats File System Automount Point.
[[0;32m  OK  [0m] Set up automount Arbitrary Executab…rmats File System Automount Point.
[   12.229664] systemd[1]: Reached target Swap.
[[0;32m  OK  [0m] Reached target Swap.
[   12.234600] systemd[1]: Reached target User and Group Name Lookups.
[[0;32m  OK  [0m] Reached target User and Group Name Lookups.
[   12.242522] systemd[1]: Started Forward Password Requests to Wall Directory Watch.
[[0;32m  OK  [0m] Started Forward Password Requests to Wall Directory Watch.
[   12.250749] systemd[1]: Created slice System Slice.
[[0;32m  OK  [0m] Created slice System Slice.
[[0;32m  OK  [0m] Listening on Device-mapper event daemon FIFOs.
[[0;32m  OK  [0m] Listening on /dev/initctl Compatibility Named Pipe.
[[0;32m  OK  [0m] Listening on Syslog Socket.
[[0;32m  OK  [0m] Listening on Journal Socket.
         Mounting Kernel Debug File System...
         Starting Nameserver information manager...
         Starting Uncomplicated firewall...
[[0;32m  OK  [0m] Listening on fsck to fsckd communication Socket.
[[0;32m  OK  [0m] Listening on Journal Audit Socket.
         Mounting POSIX Message Queue File System...
[[0;32m  OK  [0m] Listening on Journal Socket (/dev/log).
         Starting Journal Service...
[[0;32m  OK  [0m] Listening on LVM2 poll daemon socket.
         Mounting Huge Pages File System...
[[0;32m  OK  [0m] Created slice system-serial\x2dgetty.slice.
         Starting Create list of required st…ce nodes for the current kernel...
[[0;32m  OK  [0m] Reached target Slices.
[[0;32m  OK  [0m] Listening on udev Control Socket.
         Starting Set the console keyboard layout...
[[0;32m  OK  [0m] Reached target Mounting snaps.
[[0;32m  OK  [0m] Reached target Mounted snaps.
         Starting Remount Root and Kernel File Systems...
         Starting Load Kernel Modules...
[[0;32m  OK  [0m] Listening on udev Kernel Socket.
         Starting udev Coldplug all Devices...
[[0;32m  OK  [0m] Listening on LVM2 metadata daemon socket.
         Starting Monitoring of LVM2 mirrors…ng dmeventd or progress polling...
[[0;32m  OK  [0m] Reached target System Time Synchronized.
[   12.363002] EXT4-fs (sda1): re-mounted. Opts: (null)
[   12.374315] Loading iSCSI transport class v2.0-870.
[   12.383843] iscsi: registered transport (tcp)
[[0;32m  OK  [0m] Started Journal Service.
[[0;32m  OK  [0m] Mounted Kernel Debug File System.
[[0;32m  OK  [0m] Started Uncomplicated firewall.
[[0;32m  OK  [0m] Mounted POSIX Message Queue File System.
[[0;32m  OK  [0m] Mounted Huge Pages File System.
[[0;32m  OK  [0m] Started Create list of required sta…vice nodes for the current kernel.
[[0;32m  OK  [0m] Started Remount Root and Kernel File Systems.
[[0;32m  OK  [0m] Started LVM2 metadata daemon.
[   12.461159] iscsi: registered transport (iser)
         Starting Load/Save Random Seed...
         Starting Create Static Device Nodes in /dev...
         Starting Flush Journal to Persistent Storage...
[[0;32m  OK  [0m] Started Load Kernel Modules.
[[0;32m  OK  [0m] Started Nameserver information manager.
[[0;32m  OK  [0m] Started udev Coldplug all Devices.
         Starting Apply Kernel Variables...
         Mounting Kernel Configuration File System...
         Mounting FUSE Control File System...
[[0;32m  OK  [0m] Started Load/Save Random Seed.
[[0;32m  OK  [0m] Mounted Kernel Configuration File System.
[[0;32m  OK  [0m] Mounted FUSE Control File System.
[[0;32m  OK  [0m] Started Monitoring of LVM2 mirrors,…sing dmeventd or progress polling.
[   12.541088] systemd-journald[425]: Received request to flush runtime journal from PID 1
[[0;32m  OK  [0m] Started Apply Kernel Variables.
[[0;32m  OK  [0m] Started Set the console keyboard layout.
[[0;32m  OK  [0m] Started Create Static Device Nodes in /dev.
         Starting udev Kernel Device Manager...
[[0;32m  OK  [0m] Reached target Local File Systems (Pre).
[[0;32m  OK  [0m] Reached target Local File Systems.
         Starting AppArmor initialization...
         Starting ebtables ruleset management...
         Starting Tell Plymouth To Write Out Runtime Data...
         Starting Set console font and keymap...
[[0;32m  OK  [0m] Started Tell Plymouth To Write Out Runtime Data.
[[0;32m  OK  [0m] Started udev Kernel Device Manager.
[[0;32m  OK  [0m] Started Dispatch Password Requests to Console Directory Watch.
[[0;32m  OK  [0m] Reached target Local Encrypted Volumes.
[[0;32m  OK  [0m] Started Set console font and keymap.
[[0;32m  OK  [0m] Started Flush Journal to Persistent Storage.
         Starting Create Volatile Files and Directories...
[[0;32m  OK  [0m] Started Create Volatile Files and Directories.
         Starting Update UTMP about System Boot/Shutdown...
         Starting Network Name Resolution...
[[0;32m  OK  [0m] Started ebtables ruleset management.
[[0;32m  OK  [0m] Started Update UTMP about System Boot/Shutdown.
[[0;32m  OK  [0m] Started Network Name Resolution.
[[0;32m  OK  [0m] Reached target Host and Network Name Lookups.
[[0;32m  OK  [0m] Found device /dev/ttyS0.
[[0;32m  OK  [0m] Started AppArmor initialization.
         Starting Initial cloud-init job (pre-networking)...
         Starting Load AppArmor profiles managed internally by snapd...
         Mounting Arbitrary Executable File Formats File System...
[[0;32m  OK  [0m] Listening on Load/Save RF Kill Switch Status /dev/rfkill Watch.
[[0;32m  OK  [0m] Mounted Arbitrary Executable File Formats File System.
[[0;32m  OK  [0m] Started Load AppArmor profiles managed internally by snapd.
[[0;32m  OK  [0m] Found device 82540EM Gigabit Ethern…ler (PRO/1000 MT Desktop Adapter).
[[0;32m  OK  [0m] Found device 82540EM Gigabit Ethern…ler (PRO/1000 MT Desktop Adapter).
[[0;32m  OK  [0m] Reached target Sound Card.
[   14.538986] cloud-init[586]: Cloud-init v. 23.1.2-0ubuntu0~18.04.1 running 'init-local' at Thu, 03 Aug 2023 06:47:43 +0000. Up 14.39 seconds.
[[0;32m  OK  [0m] Started Initial cloud-init job (pre-networking).
[[0;32m  OK  [0m] Reached target Network (Pre).
[[0;32m  OK  [0m] Started ifup for enp0s3.
         Starting Raise network interfaces...
[[0;32m  OK  [0m] Started ifup for enp0s8.
         Stopping Network Name Resolution...
         Starting Network Time Synchronization...
         Starting Tell Plymouth To Write Out Runtime Data...
[[0;32m  OK  [0m] Started Tell Plymouth To Write Out Runtime Data.
[[0;32m  OK  [0m] Stopped Network Name Resolution.
         Starting Network Name Resolution...
[[0;32m  OK  [0m] Started Network Time Synchronization.
[[0;32m  OK  [0m] Started Network Name Resolution.
[[0;32m  OK  [0m] Started Raise network interfaces.
[[0;32m  OK  [0m] Reached target Network.
         Starting Initial cloud-init job (metadata service crawler)...
[   15.221484] cloud-init[1108]: Cloud-init v. 23.1.2-0ubuntu0~18.04.1 running 'init' at Thu, 03 Aug 2023 06:47:44 +0000. Up 15.13 seconds.
[   15.224257] cloud-init[1108]: ci-info: ++++++++++++++++++++++++++++++++++++++Net device info++++++++++++++++++++++++++++++++++++++
[   15.227077] cloud-init[1108]: ci-info: +--------+------+----------------------------+---------------+--------+-------------------+
[   15.229764] cloud-init[1108]: ci-info: | Device |  Up  |          Address           |      Mask     | Scope  |     Hw-Address    |
[   15.232257] cloud-init[1108]: ci-info: +--------+------+----------------------------+---------------+--------+-------------------+
[   15.234825] cloud-init[1108]: ci-info: | enp0s3 | True |         10.0.2.15          | 255.255.255.0 | global | 02:be:82:6b:cc:1d |
[   15.237339] cloud-init[1108]: ci-info: | enp0s3 | True | fe80::be:82ff:fe6b:cc1d/64 |       .       |  link  | 02:be:82:6b:cc:1d |
[   15.239821] cloud-init[1108]: ci-info: | enp0s8 | True |       192.168.20.165       | 255.255.255.0 | global | 08:00:27:ab:06:3e |
[   15.242550] cloud-init[1108]: ci-info: | enp0s8 | True | fe80::a00:27ff:feab:63e/64 |       .       |  link  | 08:00:27:ab:06:3e |
[   15.245473] cloud-init[1108]: ci-info: |   lo   | True |         127.0.0.1          |   255.0.0.0   |  host  |         .         |
[   15.248016] cloud-init[1108]: ci-info: |   lo   | True |          ::1/128           |       .       |  host  |         .         |
[   15.250677] cloud-init[1108]: ci-info: +--------+------+----------------------------+---------------+--------+-------------------+
[   15.253333] cloud-init[1108]: ci-info: ++++++++++++++++++++++++++++Route IPv4 info++++++++++++++++++++++++++++
[   15.265017] cloud-init[1108]: ci-info: +-------+--------------+----------+---------------+-----------+-------+
[   15.268691] cloud-init[1108]: ci-info: | Route | Destination  | Gateway  |    Genmask    | Interface | Flags |
[   15.272571] cloud-init[1108]: ci-info: +-------+--------------+----------+---------------+-----------+-------+
[   15.275955] cloud-init[1108]: ci-info: |   0   |   0.0.0.0    | 10.0.2.2 |    0.0.0.0    |   enp0s3  |   UG  |
[   15.280388] cloud-init[1108]: ci-info: |   1   |   10.0.2.0   | 0.0.0.0  | 255.255.255.0 |   enp0s3  |   U   |
[   15.282681] cloud-init[1108]: ci-info: |   2   | 192.168.20.0 | 0.0.0.0  | 255.255.255.0 |   enp0s8  |   U   |
[   15.284887] cloud-init[1108]: ci-info: +-------+--------------+----------+---------------+-----------+-------+
[   15.287147] cloud-init[1108]: ci-info: +++++++++++++++++++Route IPv6 info+++++++++++++++++++
[   15.289372] cloud-init[1108]: ci-info: +-------+-------------+---------+-----------+-------+
[   15.291409] cloud-init[1108]: ci-info: | Route | Destination | Gateway | Interface | Flags |
[   15.293389] cloud-init[1108]: ci-info: +-------+-------------+---------+-----------+-------+
[   15.295370] cloud-init[1108]: ci-info: |   1   |  fe80::/64  |    ::   |   enp0s3  |   U   |
[   15.297334] cloud-init[1108]: ci-info: |   2   |  fe80::/64  |    ::   |   enp0s8  |   U   |
[   15.299222] cloud-init[1108]: ci-info: |   4   |   ff00::/8  |    ::   |   enp0s3  |   U   |
[   15.301265] cloud-init[1108]: ci-info: |   5   |   ff00::/8  |    ::   |   enp0s8  |   U   |
[   15.303252] cloud-init[1108]: ci-info: +-------+-------------+---------+-----------+-------+
[[0;32m  OK  [0m] Started Initial cloud-init job (metadata service crawler).
[[0;32m  OK  [0m] Reached target Network is Online.
         Starting Availability of block devices...
[[0;32m  OK  [0m] Reached target Remote File Systems (Pre).
         Mounting /vagrant...
[[0;32m  OK  [0m] Reached target Cloud-config availability.
[[0;32m  OK  [0m] Reached target System Initialization.
[[0;32m  OK  [0m] Listening on D-Bus System Message Bus Socket.
[[0;32m  OK  [0m] Listening on Open-iSCSI iscsid Socket.
[[0;32m  OK  [0m] Started ACPI Events Check.
[[0;32m  OK  [0m] Started Discard unused blocks once a week.
[[0;32m  OK  [0m] Listening on cloud-init hotplug hook socket.
[[0;32m  OK  [0m] Started resolvconf-pull-resolved.path.
[[0;32m  OK  [0m] Reached target Paths.
[[0;32m  OK  [0m] Listening on ACPID Listen Socket.
[[0;32m  OK  [0m] Started Daily Cleanup of Temporary Directories.
[[0;32m  OK  [0m] Started Message of the Day.
[[0;32m  OK  [0m] Started Daily apt download activities.
[[0;32m  OK  [0m] Started Daily apt upgrade and clean activities.
[[0;32m  OK  [0m] Reached target Timers.
         Starting LXD - unix socket.
         Starting Socket activation for snappy daemon.
[[0;32m  OK  [0m] Listening on UUID daemon activation socket.
[[0;32m  OK  [0m] Started Availability of block devices.
[[0;32m  OK  [0m] Listening on LXD - unix socket.
[[0;32m  OK  [0m] Listening on Socket activation for snappy daemon.
[[0;32m  OK  [0m] Reached target Sockets.
[[0;32m  OK  [0m] Reached target Basic System.
         Starting LSB: Record successful boot for GRUB...
         Starting resolvconf-pull-resolved.service...
[[0;32m  OK  [0m] Started D-Bus System Message Bus.
[[0;32m  OK  [0m] Started Regular background program processing daemon.
         Starting OpenBSD Secure Shell server...
         Starting Thermal Daemon Service...
[[0;32m  OK  [0m] Started Deferred execution scheduler.
         Starting LXD - container startup/shutdown...
         Starting Accounts Service...
[[0;32m  OK  [0m] Started FUSE filesystem for LXC.
         Starting Dispatcher daemon for systemd-networkd...
[[0;32m  OK  [0m] Reached target Login Prompts (Pre).
         Starting Snap Daemon...
         Starting System Logging Service...
         Starting Login Service...
         Starting Message of the Day...
[[0;32m  OK  [0m] Started irqbalance daemon.
[[0;32m  OK  [0m] Mounted /vagrant.
[[0;32m  OK  [0m] Started resolvconf-pull-resolved.service.
[[0;32m  OK  [0m] Started Thermal Daemon Service.
[[0;32m  OK  [0m] Reached target Remote File Systems.
         Starting Permit User Sessions...
         Starting LSB: automatic crash report generation...
[[0;32m  OK  [0m] Started OpenBSD Secure Shell server.
[[0;32m  OK  [0m] Started Message of the Day.
[[0;32m  OK  [0m] Started Permit User Sessions.
         Starting Terminate Plymouth Boot Screen...
         Starting Hold until boot process finishes up...
         Starting Authorization Manager...
[[0;32m  OK  [0m] Started Hold until boot process finishes up.
         Starting Set console scheme...
[[0;32m  OK  [0m] Started Serial Getty on ttyS0.
[[0;32m  OK  [0m] Started Terminate Plymouth Boot Screen.
[[0;32m  OK  [0m] Started System Logging Service.
[[0;32m  OK  [0m] Started Login Service.
[[0;32m  OK  [0m] Started Unattended Upgrades Shutdown.
[[0;32m  OK  [0m] Started Authorization Manager.
[[0;32m  OK  [0m] Started Accounts Service.
[[0;32m  OK  [0m] Started Set console scheme.
[[0;32m  OK  [0m] Created slice system-getty.slice.
[[0;32m  OK  [0m] Started Getty on tty1.
[[0;32m  OK  [0m] Reached target Login Prompts.
[[0;32m  OK  [0m] Started LSB: Record successful boot for GRUB.
[[0;32m  OK  [0m] Started LSB: automatic crash report generation.
[[0;32m  OK  [0m] Started Dispatcher daemon for systemd-networkd.
[[0;32m  OK  [0m] Started LXD - container startup/shutdown.
[[0;32m  OK  [0m] Started Snap Daemon.
         Starting Wait until snapd is fully seeded...
         Starting Time & Date Service...
[[0;32m  OK  [0m] Started Time & Date Service.
[[0;32m  OK  [0m] Started Wait until snapd is fully seeded.
         Starting Apply the settings specified in cloud-config...
[   16.940432] cloud-init[1553]: Cloud-init v. 23.1.2-0ubuntu0~18.04.1 running 'modules:config' at Thu, 03 Aug 2023 06:47:46 +0000. Up 16.86 seconds.
[[0;32m  OK  [0m] Started Apply the settings specified in cloud-config.
[[0;32m  OK  [0m] Reached target Multi-User System.
[[0;32m  OK  [0m] Reached target Graphical Interface.
         Starting Update UTMP about System Runlevel Changes...
         Starting Execute cloud user/final scripts...
[[0;32m  OK  [0m] Started Update UTMP about System Runlevel Changes.
[   17.337908] cloud-init[1596]: Cloud-init v. 23.1.2-0ubuntu0~18.04.1 running 'modules:final' at Thu, 03 Aug 2023 06:47:46 +0000. Up 17.25 seconds.
[   17.343114] cloud-init[1596]: Cloud-init v. 23.1.2-0ubuntu0~18.04.1 finished at Thu, 03 Aug 2023 06:47:46 +0000. Datasource DataSourceNoCloud [seed=/dev/sdb][dsmode=net].  Up 17.33 seconds
[[0;32m  OK  [0m] Started Execute cloud user/final scripts.
[[0;32m  OK  [0m] Reached target Cloud-init target.
         Starting Daily apt download activities...
         Starting Update APT News...
         Starting Update the local ESM caches...
[[0;32m  OK  [0m] Started Update APT News.
[[0;32m  OK  [0m] Started Update the local ESM caches.

Ubuntu 18.04.6 LTS ubuntu-xenial ttyS0

ubuntu-xenial login: 